This file contains any messages produced by compilers while
running configure, to aid debugging if configure makes a mistake.

It was created by sudoku-solver configure 0.9.1, which was
generated by GNU Autoconf 2.68.  Invocation command line was

  $ ./configure 

## --------- ##
## Platform. ##
## --------- ##

hostname = Skynet.local
uname -m = x86_64
uname -r = 16.1.0
uname -s = Darwin
uname -v = Darwin Kernel Version 16.1.0: Thu Oct 13 21:26:57 PDT 2016; root:xnu-3789.21.3~60/RELEASE_X86_64

/usr/bin/uname -p = i386
/bin/uname -X     = unknown

/bin/arch              = unknown
/usr/bin/arch -k       = unknown
/usr/convex/getsysinfo = unknown
/usr/bin/hostinfo      = Mach kernel version:
	 Darwin Kernel Version 16.1.0: Thu Oct 13 21:26:57 PDT 2016; root:xnu-3789.21.3~60/RELEASE_X86_64
Kernel configured for up to 4 processors.
2 processors are physically available.
4 processors are logically available.
Processor type: x86_64h (Intel x86-64h Haswell)
Processors active: 0 1 2 3
Primary memory available: 8.00 gigabytes
Default processor set: 296 tasks, 1078 threads, 4 processors
Load average: 1.66, Mach factor: 2.50
/bin/machine           = unknown
/usr/bin/oslevel       = unknown
/bin/universe          = unknown

PATH: /opt/local/bin
PATH: /opt/local/sbin
PATH: /usr/local/bin
PATH: /usr/bin
PATH: /bin
PATH: /usr/sbin
PATH: /sbin
PATH: /opt/X11/bin


## ----------- ##
## Core tests. ##
## ----------- ##

configure:2160: checking for a BSD-compatible install
configure:2228: result: /usr/bin/install -c
configure:2239: checking whether build environment is sane
configure:2294: result: yes
configure:2445: checking for a thread-safe mkdir -p
configure:2484: result: ./install-sh -c -d
configure:2491: checking for gawk
configure:2521: result: no
configure:2491: checking for mawk
configure:2521: result: no
configure:2491: checking for nawk
configure:2521: result: no
configure:2491: checking for awk
configure:2507: found /usr/bin/awk
configure:2518: result: awk
configure:2529: checking whether make sets $(MAKE)
configure:2551: result: yes
configure:2580: checking whether make supports nested variables
configure:2597: result: yes
configure:2871: checking that generated files are newer than configure
configure:2877: result: done
configure:2885: creating ./config.status

## ---------------------- ##
## Running config.status. ##
## ---------------------- ##

This file was extended by sudoku-solver config.status 0.9.1, which was
generated by GNU Autoconf 2.68.  Invocation command line was

  CONFIG_FILES    = 
  CONFIG_HEADERS  = 
  CONFIG_LINKS    = 
  CONFIG_COMMANDS = 
  $ ./config.status 

on Skynet.local

config.status:770: error: cannot find input file: `Makefile.in'

## ---------------- ##
## Cache variables. ##
## ---------------- ##

ac_cv_env_CCC_set=
ac_cv_env_CCC_value=
ac_cv_env_CC_set=
ac_cv_env_CC_value=
ac_cv_env_CFLAGS_set=
ac_cv_env_CFLAGS_value=
ac_cv_env_CPPFLAGS_set=
ac_cv_env_CPPFLAGS_value=
ac_cv_env_CPP_set=
ac_cv_env_CPP_value=
ac_cv_env_CXXFLAGS_set=
ac_cv_env_CXXFLAGS_value=
ac_cv_env_CXX_set=
ac_cv_env_CXX_value=
ac_cv_env_LDFLAGS_set=
ac_cv_env_LDFLAGS_value=
ac_cv_env_LIBS_set=
ac_cv_env_LIBS_value=
ac_cv_env_build_alias_set=
ac_cv_env_build_alias_value=
ac_cv_env_host_alias_set=
ac_cv_env_host_alias_value=
ac_cv_env_target_alias_set=
ac_cv_env_target_alias_value=
ac_cv_path_install='/usr/bin/install -c'
ac_cv_prog_AWK=awk
ac_cv_prog_make_make_set=yes
am_cv_make_support_nested_variables=yes

## ----------------- ##
## Output variables. ##
## ----------------- ##

ACLOCAL='${SHELL} /Users/sireesh/Documents/School/11B/Computers/Sudoku-Solver/missing aclocal-1.15'
AMDEPBACKSLASH=''
AMDEP_FALSE=''
AMDEP_TRUE=''
AMTAR='$${TAR-tar}'
AM_BACKSLASH='\'
AM_DEFAULT_V='$(AM_DEFAULT_VERBOSITY)'
AM_DEFAULT_VERBOSITY='1'
AM_V='$(V)'
AUTOCONF='${SHELL} /Users/sireesh/Documents/School/11B/Computers/Sudoku-Solver/missing autoconf'
AUTOHEADER='${SHELL} /Users/sireesh/Documents/School/11B/Computers/Sudoku-Solver/missing autoheader'
AUTOMAKE='${SHELL} /Users/sireesh/Documents/School/11B/Computers/Sudoku-Solver/missing automake-1.15'
AWK='awk'
CC=''
CCDEPMODE=''
CFLAGS=''
CPP=''
CPPFLAGS=''
CXX=''
CXXDEPMODE=''
CXXFLAGS=''
CYGPATH_W='echo'
DEFS='-DPACKAGE_NAME=\"sudoku-solver\" -DPACKAGE_TARNAME=\"sudoku-solver\" -DPACKAGE_VERSION=\"0.9.1\" -DPACKAGE_STRING=\"sudoku-solver\ 0.9.1\" -DPACKAGE_BUGREPORT=\"sireeshkodali1@gmail.com\" -DPACKAGE_URL=\"\" -DPACKAGE=\"sireesh\" -DVERSION=\"2.6\"'
DEPDIR=''
ECHO_C='\c'
ECHO_N=''
ECHO_T=''
EGREP=''
EXEEXT=''
GREP=''
INSTALL_DATA='${INSTALL} -m 644'
INSTALL_PROGRAM='${INSTALL}'
INSTALL_SCRIPT='${INSTALL}'
INSTALL_STRIP_PROGRAM='$(install_sh) -c -s'
LDFLAGS=''
LIBOBJS=''
LIBS=''
LTLIBOBJS=''
MAKEINFO='${SHELL} /Users/sireesh/Documents/School/11B/Computers/Sudoku-Solver/missing makeinfo'
MKDIR_P='./install-sh -c -d'
OBJEXT=''
PACKAGE='sireesh'
PACKAGE_BUGREPORT='sireeshkodali1@gmail.com'
PACKAGE_NAME='sudoku-solver'
PACKAGE_STRING='sudoku-solver 0.9.1'
PACKAGE_TARNAME='sudoku-solver'
PACKAGE_URL=''
PACKAGE_VERSION='0.9.1'
PATH_SEPARATOR=':'
SET_MAKE=''
SHELL='/bin/sh'
STRIP=''
VERSION='2.6'
ac_ct_CC=''
ac_ct_CXX=''
am__EXEEXT_FALSE=''
am__EXEEXT_TRUE=''
am__fastdepCC_FALSE=''
am__fastdepCC_TRUE=''
am__fastdepCXX_FALSE=''
am__fastdepCXX_TRUE=''
am__include=''
am__isrc=''
am__leading_dot='.'
am__nodep=''
am__quote=''
am__tar='$${TAR-tar} chof - "$$tardir"'
am__untar='$${TAR-tar} xf -'
bindir='${exec_prefix}/bin'
build_alias=''
datadir='${datarootdir}'
datarootdir='${prefix}/share'
docdir='${datarootdir}/doc/${PACKAGE_TARNAME}'
dvidir='${docdir}'
exec_prefix='${prefix}'
host_alias=''
htmldir='${docdir}'
includedir='${prefix}/include'
infodir='${datarootdir}/info'
install_sh='${SHELL} /Users/sireesh/Documents/School/11B/Computers/Sudoku-Solver/install-sh'
libdir='${exec_prefix}/lib'
libexecdir='${exec_prefix}/libexec'
localedir='${datarootdir}/locale'
localstatedir='${prefix}/var'
mandir='${datarootdir}/man'
mkdir_p='$(MKDIR_P)'
oldincludedir='/usr/include'
pdfdir='${docdir}'
prefix='/usr/local'
program_transform_name='s,x,x,'
psdir='${docdir}'
sbindir='${exec_prefix}/sbin'
sharedstatedir='${prefix}/com'
sysconfdir='${prefix}/etc'
target_alias=''

## ----------- ##
## confdefs.h. ##
## ----------- ##

/* confdefs.h */
#define PACKAGE_NAME "sudoku-solver"
#define PACKAGE_TARNAME "sudoku-solver"
#define PACKAGE_VERSION "0.9.1"
#define PACKAGE_STRING "sudoku-solver 0.9.1"
#define PACKAGE_BUGREPORT "sireeshkodali1@gmail.com"
#define PACKAGE_URL ""
#define PACKAGE "sireesh"
#define VERSION "2.6"

configure: exit 1
